Determining if the pthread_create exist failed with the following output:
Change Dir: /home/dassdinho/catkin_ws_8/build/CMakeFiles/CMakeTmp

Run Build Command:"/usr/bin/make" "cmTC_e1710/fast"
/usr/bin/make -f CMakeFiles/cmTC_e1710.dir/build.make CMakeFiles/cmTC_e1710.dir/build
make[1]: se entra en el directorio '/home/dassdinho/catkin_ws_8/build/CMakeFiles/CMakeTmp'
Building C object CMakeFiles/cmTC_e1710.dir/CheckSymbolExists.c.o
/usr/bin/cc    -o CMakeFiles/cmTC_e1710.dir/CheckSymbolExists.c.o   -c /home/dassdinho/catkin_ws_8/build/CMakeFiles/CMakeTmp/CheckSymbolExists.c
Linking C executable cmTC_e1710
/usr/bin/cmake -E cmake_link_script CMakeFiles/cmTC_e1710.dir/link.txt --verbose=1
/usr/bin/cc      -rdynamic CMakeFiles/cmTC_e1710.dir/CheckSymbolExists.c.o  -o cmTC_e1710 
CMakeFiles/cmTC_e1710.dir/CheckSymbolExists.c.o: En la función `main':
CheckSymbolExists.c:(.text+0x1b): referencia a `pthread_create' sin definir
collect2: error: ld returned 1 exit status
CMakeFiles/cmTC_e1710.dir/build.make:97: fallo en las instrucciones para el objetivo 'cmTC_e1710'
make[1]: *** [cmTC_e1710] Error 1
make[1]: se sale del directorio '/home/dassdinho/catkin_ws_8/build/CMakeFiles/CMakeTmp'
Makefile:126: fallo en las instrucciones para el objetivo 'cmTC_e1710/fast'
make: *** [cmTC_e1710/fast] Error 2

File /home/dassdinho/catkin_ws_8/build/CMakeFiles/CMakeTmp/CheckSymbolExists.c:
/* */
#include <pthread.h>

int main(int argc, char** argv)
{
  (void)argv;
#ifndef pthread_create
  return ((int*)(&pthread_create))[argc];
#else
  (void)argc;
  return 0;
#endif
}

Determining if the function pthread_create exists in the pthreads failed with the following output:
Change Dir: /home/dassdinho/catkin_ws_8/build/CMakeFiles/CMakeTmp

Run Build Command:"/usr/bin/make" "cmTC_f5dce/fast"
/usr/bin/make -f CMakeFiles/cmTC_f5dce.dir/build.make CMakeFiles/cmTC_f5dce.dir/build
make[1]: se entra en el directorio '/home/dassdinho/catkin_ws_8/build/CMakeFiles/CMakeTmp'
Building C object CMakeFiles/cmTC_f5dce.dir/CheckFunctionExists.c.o
/usr/bin/cc   -DCHECK_FUNCTION_EXISTS=pthread_create   -o CMakeFiles/cmTC_f5dce.dir/CheckFunctionExists.c.o   -c /usr/share/cmake-3.10/Modules/CheckFunctionExists.c
Linking C executable cmTC_f5dce
/usr/bin/cmake -E cmake_link_script CMakeFiles/cmTC_f5dce.dir/link.txt --verbose=1
/usr/bin/cc  -DCHECK_FUNCTION_EXISTS=pthread_create    -rdynamic CMakeFiles/cmTC_f5dce.dir/CheckFunctionExists.c.o  -o cmTC_f5dce -lpthreads 
/usr/bin/ld: no se puede encontrar -lpthreads
collect2: error: ld returned 1 exit status
CMakeFiles/cmTC_f5dce.dir/build.make:97: fallo en las instrucciones para el objetivo 'cmTC_f5dce'
make[1]: *** [cmTC_f5dce] Error 1
make[1]: se sale del directorio '/home/dassdinho/catkin_ws_8/build/CMakeFiles/CMakeTmp'
Makefile:126: fallo en las instrucciones para el objetivo 'cmTC_f5dce/fast'
make: *** [cmTC_f5dce/fast] Error 2


